\BOOKMARK [0][-]{dummy.1}{\376\377\000A\000b\000s\000t\000r\000a\000c\000t}{}% 1
\BOOKMARK [0][-]{dummy.2}{\376\377\000A\000c\000k\000n\000o\000w\000l\000e\000d\000g\000e\000m\000e\000n\000t\000s}{}% 2
\BOOKMARK [0][-]{chapter*.3}{\376\377\000D\000e\000c\000l\000a\000r\000a\000t\000i\000o\000n\000\040\000o\000f\000\040\000O\000r\000i\000g\000i\000n\000a\000l\000i\000t\000y}{}% 3
\BOOKMARK [0][-]{chapter.5}{\376\377\0001\000\040\000I\000n\000t\000r\000o\000d\000u\000c\000t\000i\000o\000n}{}% 4
\BOOKMARK [1][-]{section.6}{\376\377\0001\000.\0001\000\040\000P\000r\000o\000j\000e\000c\000t\000\040\000A\000i\000m}{chapter.5}% 5
\BOOKMARK [1][-]{section.7}{\376\377\0001\000.\0002\000\040\000G\000D\000A\000L}{chapter.5}% 6
\BOOKMARK [1][-]{section.8}{\376\377\0001\000.\0003\000\040\000O\000G\000C\000\040\000A\000P\000I}{chapter.5}% 7
\BOOKMARK [0][-]{chapter.9}{\376\377\0002\000\040\000R\000e\000q\000u\000i\000r\000e\000m\000e\000n\000t\000s\000\040\000E\000n\000g\000i\000n\000e\000e\000r\000i\000n\000g}{}% 8
\BOOKMARK [1][-]{section.10}{\376\377\0002\000.\0001\000\040\000U\000s\000e\000\040\000C\000a\000s\000e\000s}{chapter.9}% 9
\BOOKMARK [1][-]{section.11}{\376\377\0002\000.\0002\000\040\000R\000e\000q\000u\000i\000r\000e\000m\000e\000n\000t\000s}{chapter.9}% 10
\BOOKMARK [1][-]{section.14}{\376\377\0002\000.\0003\000\040\000D\000i\000a\000g\000r\000a\000m\000s}{chapter.9}% 11
\BOOKMARK [0][-]{chapter.17}{\376\377\0003\000\040\000A\000r\000c\000h\000i\000t\000e\000c\000t\000u\000r\000e\000\040\000\046\000\040\000D\000e\000s\000i\000g\000n}{}% 12
\BOOKMARK [1][-]{section.18}{\376\377\0003\000.\0001\000\040\000O\000v\000e\000r\000v\000i\000e\000w}{chapter.17}% 13
\BOOKMARK [1][-]{section.21}{\376\377\0003\000.\0002\000\040\000P\000y\000t\000h\000o\000n}{chapter.17}% 14
\BOOKMARK [1][-]{section.22}{\376\377\0003\000.\0003\000\040\000D\000o\000c\000k\000e\000r}{chapter.17}% 15
\BOOKMARK [0][-]{chapter.24}{\376\377\0004\000\040\000I\000m\000p\000l\000e\000m\000e\000n\000t\000a\000t\000i\000o\000n}{}% 16
\BOOKMARK [1][-]{section.25}{\376\377\0004\000.\0001\000\040\000O\000v\000e\000r\000v\000i\000e\000w}{chapter.24}% 17
\BOOKMARK [1][-]{section.26}{\376\377\0004\000.\0002\000\040\000A\000P\000I}{chapter.24}% 18
\BOOKMARK [1][-]{section.27}{\376\377\0004\000.\0003\000\040\000G\000e\000o\000J\000S\000O\000N\000\040\000\046\000\040\000F\000e\000a\000t\000u\000r\000e\000s}{chapter.24}% 19
\BOOKMARK [1][-]{section.28}{\376\377\0004\000.\0004\000\040\000R\000a\000s\000t\000e\000r\000\040\000T\000i\000l\000e\000s}{chapter.24}% 20
\BOOKMARK [1][-]{section.29}{\376\377\0004\000.\0005\000\040\000T\000e\000s\000t\000i\000n\000g}{chapter.24}% 21
\BOOKMARK [1][-]{section.33}{\376\377\0004\000.\0006\000\040\000G\000i\000t\000L\000a\000b}{chapter.24}% 22
\BOOKMARK [1][-]{section.35}{\376\377\0004\000.\0007\000\040\000L\000a\000T\000e\000X}{chapter.24}% 23
\BOOKMARK [0][-]{chapter.36}{\376\377\0005\000\040\000R\000e\000s\000u\000l\000t\000s}{}% 24
\BOOKMARK [1][-]{section.37}{\376\377\0005\000.\0001\000\040\000A\000c\000h\000i\000e\000v\000e\000m\000e\000n\000t\000s}{chapter.36}% 25
\BOOKMARK [1][-]{section.38}{\376\377\0005\000.\0002\000\040\000O\000u\000t\000l\000o\000o\000k}{chapter.36}% 26
\BOOKMARK [1][-]{section.39}{\376\377\0005\000.\0003\000\040\000R\000e\000f\000l\000e\000c\000t\000i\000o\000n}{chapter.36}% 27
\BOOKMARK [0][-]{dummy.40}{\376\377\000L\000i\000s\000t\000\040\000o\000f\000\040\000F\000i\000g\000u\000r\000e\000s}{}% 28
\BOOKMARK [0][-]{appendix.42}{\376\377\000A\000\040\000I\000n\000s\000t\000a\000l\000l\000a\000t\000i\000o\000n}{}% 29
\BOOKMARK [1][-]{section.43}{\376\377\000A\000.\0001\000\040\000C\000l\000o\000n\000i\000n\000g\000\040\000\046\000\040\000D\000o\000c\000k\000e\000r\000i\000z\000i\000n\000g}{appendix.42}% 30
\BOOKMARK [1][-]{section.44}{\376\377\000A\000.\0002\000\040\000R\000u\000n\000n\000i\000n\000g\000\040\000t\000h\000e\000\040\000s\000e\000r\000v\000e\000r}{appendix.42}% 31
\BOOKMARK [0][-]{appendix.45}{\376\377\000B\000\040\000A\000P\000I\000\040\000D\000o\000c\000s}{}% 32
\BOOKMARK [1][-]{section.46}{\376\377\000B\000.\0001\000\040\000O\000G\000C\000\040\000A\000P\000I\000\040\000E\000n\000d\000p\000o\000i\000n\000t\000s}{appendix.45}% 33
\BOOKMARK [1][-]{section.51}{\376\377\000B\000.\0002\000\040\000O\000t\000h\000e\000r\000\040\000E\000n\000d\000p\000o\000i\000n\000t\000s\000\040\000f\000o\000r\000\040\000T\000i\000l\000e\000s}{appendix.45}% 34
\BOOKMARK [0][-]{appendix.55}{\376\377\000C\000\040\000P\000r\000o\000j\000e\000c\000t\000\040\000M\000a\000n\000a\000g\000e\000m\000e\000n\000t}{}% 35
\BOOKMARK [1][-]{section.56}{\376\377\000C\000.\0001\000\040\000O\000r\000g\000a\000n\000i\000z\000a\000t\000i\000o\000n}{appendix.55}% 36
\BOOKMARK [1][-]{section.57}{\376\377\000C\000.\0002\000\040\000P\000l\000a\000n\000n\000i\000n\000g\000\040\000\046\000\040\000C\000o\000o\000r\000d\000i\000n\000a\000t\000i\000o\000n}{appendix.55}% 37
\BOOKMARK [1][-]{section.58}{\376\377\000C\000.\0003\000\040\000W\000o\000r\000k\000f\000l\000o\000w}{appendix.55}% 38
\BOOKMARK [0][-]{dummy.61}{\376\377\000B\000i\000b\000l\000i\000o\000g\000r\000a\000p\000h\000y}{}% 39
